# JRE version: Java(TM) SE Runtime Environment (18.0+36) (build 18+36-2087)
# Java VM: Java HotSpot(TM) 64-Bit Server VM (18+36-2087, mixed mode, sharing, tiered, compressed oops, compressed class ptrs, g1 gc, windows-amd64)
GC Precious Log:
 CardTable entry size: 512
 Card Set container configuration: InlinePtr #cards 5 size 8 Array Of Cards #cards 12 size 40 Howl #buckets 4 coarsen threshold 1843 Howl Bitmap #cards 512 size 80 coarsen threshold 460 Card regions per heap region 1 cards per card region 2048
 CPUs: 4 total, 4 available
 Memory: 8048M
 Large Page Support: Disabled
 NUMA Support: Disabled
 Compressed Oops: Enabled (32-bit)
 Heap Region Size: 1M
 Heap Min Capacity: 8M
 Heap Initial Capacity: 126M
 Heap Max Capacity: 2014M
 Pre-touch: Disabled
 Parallel Workers: 4
 Concurrent Workers: 1
 Concurrent Refinement Workers: 4
 Periodic GC: Disabled
Heap:
 garbage-first heap   total 58368K, used 38423K [0x0000000082200000, 0x0000000100000000)
  region size 1024K, 14 young (14336K), 3 survivors (3072K)
 Metaspace       used 52997K, committed 53440K, reserved 1114112K
  class space    used 6956K, committed 7168K, reserved 1048576K
GC Heap History (20 events):
Event: 4.906 GC heap before
{Heap before GC invocations=5 (full 0):
 garbage-first heap   total 48128K, used 34997K [0x0000000082200000, 0x0000000100000000)
  region size 1024K, 28 young (28672K), 6 survivors (6144K)
 Metaspace       used 25305K, committed 25664K, reserved 1114112K
  class space    used 3154K, committed 3328K, reserved 1048576K
}
Event: 4.921 GC heap after
{Heap after GC invocations=6 (full 0):
 garbage-first heap   total 48128K, used 15368K [0x0000000082200000, 0x0000000100000000)
  region size 1024K, 4 young (4096K), 4 survivors (4096K)
 Metaspace       used 25305K, committed 25664K, reserved 1114112K
  class space    used 3154K, committed 3328K, reserved 1048576K
}
Event: 5.536 GC heap before
{Heap before GC invocations=6 (full 0):
 garbage-first heap   total 48128K, used 30728K [0x0000000082200000, 0x0000000100000000)
  region size 1024K, 20 young (20480K), 4 survivors (4096K)
 Metaspace       used 28620K, committed 28928K, reserved 1114112K
  class space    used 3496K, committed 3648K, reserved 1048576K
}
Event: 5.544 GC heap after
{Heap after GC invocations=7 (full 0):
 garbage-first heap   total 48128K, used 17069K [0x0000000082200000, 0x0000000100000000)
  region size 1024K, 2 young (2048K), 2 survivors (2048K)
 Metaspace       used 28620K, committed 28928K, reserved 1114112K
  class space    used 3496K, committed 3648K, reserved 1048576K
}
Event: 6.080 GC heap before
{Heap before GC invocations=7 (full 0):
 garbage-first heap   total 48128K, used 33453K [0x0000000082200000, 0x0000000100000000)
  region size 1024K, 18 young (18432K), 2 survivors (2048K)
 Metaspace       used 30334K, committed 30720K, reserved 1114112K
  class space    used 3746K, committed 3968K, reserved 1048576K
}
Event: 6.086 GC heap after
{Heap after GC invocations=8 (full 0):
 garbage-first heap   total 48128K, used 18741K [0x0000000082200000, 0x0000000100000000)
  region size 1024K, 2 young (2048K), 2 survivors (2048K)
 Metaspace       used 30334K, committed 30720K, reserved 1114112K
  class space    used 3746K, committed 3968K, reserved 1048576K
}
Event: 6.652 GC heap before
{Heap before GC invocations=8 (full 0):
 garbage-first heap   total 48128K, used 34101K [0x0000000082200000, 0x0000000100000000)
  region size 1024K, 17 young (17408K), 2 survivors (2048K)
 Metaspace       used 34763K, committed 35200K, reserved 1114112K
  class space    used 4464K, committed 4672K, reserved 1048576K
}
Event: 6.656 GC heap after
{Heap after GC invocations=9 (full 0):
 garbage-first heap   total 58368K, used 19368K [0x0000000082200000, 0x0000000100000000)
  region size 1024K, 3 young (3072K), 3 survivors (3072K)
 Metaspace       used 34763K, committed 35200K, reserved 1114112K
  class space    used 4464K, committed 4672K, reserved 1048576K
}
Event: 6.763 GC heap before
{Heap before GC invocations=9 (full 0):
 garbage-first heap   total 58368K, used 20392K [0x0000000082200000, 0x0000000100000000)
  region size 1024K, 6 young (6144K), 3 survivors (3072K)
 Metaspace       used 35621K, committed 35968K, reserved 1114112K
  class space    used 4577K, committed 4736K, reserved 1048576K
}
Event: 6.770 GC heap after
{Heap after GC invocations=10 (full 0):
 garbage-first heap   total 58368K, used 19500K [0x0000000082200000, 0x0000000100000000)
  region size 1024K, 1 young (1024K), 1 survivors (1024K)
 Metaspace       used 35621K, committed 35968K, reserved 1114112K
  class space    used 4577K, committed 4736K, reserved 1048576K
}
Event: 7.616 GC heap before
{Heap before GC invocations=11 (full 0):
 garbage-first heap   total 58368K, used 43052K [0x0000000082200000, 0x0000000100000000)
  region size 1024K, 25 young (25600K), 1 survivors (1024K)
 Metaspace       used 43186K, committed 43648K, reserved 1114112K
  class space    used 5508K, committed 5696K, reserved 1048576K
}
Event: 7.621 GC heap after
{Heap after GC invocations=12 (full 0):
 garbage-first heap   total 58368K, used 22171K [0x0000000082200000, 0x0000000100000000)
  region size 1024K, 4 young (4096K), 4 survivors (4096K)
 Metaspace       used 43186K, committed 43648K, reserved 1114112K
  class space    used 5508K, committed 5696K, reserved 1048576K
}
Event: 8.831 GC heap before
{Heap before GC invocations=12 (full 0):
 garbage-first heap   total 58368K, used 43675K [0x0000000082200000, 0x0000000100000000)
  region size 1024K, 25 young (25600K), 4 survivors (4096K)
 Metaspace       used 47557K, committed 48000K, reserved 1114112K
  class space    used 6206K, committed 6400K, reserved 1048576K
}
Event: 8.838 GC heap after
{Heap after GC invocations=13 (full 0):
 garbage-first heap   total 58368K, used 23305K [0x0000000082200000, 0x0000000100000000)
  region size 1024K, 2 young (2048K), 2 survivors (2048K)
 Metaspace       used 47557K, committed 48000K, reserved 1114112K
  class space    used 6206K, committed 6400K, reserved 1048576K
}
Event: 9.853 GC heap before
{Heap before GC invocations=13 (full 0):
 garbage-first heap   total 58368K, used 42761K [0x0000000082200000, 0x0000000100000000)
  region size 1024K, 22 young (22528K), 2 survivors (2048K)
 Metaspace       used 50210K, committed 50688K, reserved 1114112K
  class space    used 6563K, committed 6784K, reserved 1048576K
}
Event: 9.859 GC heap after
{Heap after GC invocations=14 (full 0):
 garbage-first heap   total 58368K, used 24774K [0x0000000082200000, 0x0000000100000000)
  region size 1024K, 3 young (3072K), 3 survivors (3072K)
 Metaspace       used 50210K, committed 50688K, reserved 1114112K
  class space    used 6563K, committed 6784K, reserved 1048576K
}
Event: 10.193 GC heap before
{Heap before GC invocations=14 (full 0):
 garbage-first heap   total 58368K, used 44230K [0x0000000082200000, 0x0000000100000000)
  region size 1024K, 22 young (22528K), 3 survivors (3072K)
 Metaspace       used 51325K, committed 51776K, reserved 1114112K
  class space    used 6700K, committed 6912K, reserved 1048576K
}
Event: 10.198 GC heap after
{Heap after GC invocations=15 (full 0):
 garbage-first heap   total 58368K, used 25851K [0x0000000082200000, 0x0000000100000000)
  region size 1024K, 2 young (2048K), 2 survivors (2048K)
 Metaspace       used 51325K, committed 51776K, reserved 1114112K
  class space    used 6700K, committed 6912K, reserved 1048576K
}
Event: 10.909 GC heap before
{Heap before GC invocations=15 (full 0):
 garbage-first heap   total 58368K, used 45307K [0x0000000082200000, 0x0000000100000000)
  region size 1024K, 21 young (21504K), 2 survivors (2048K)
 Metaspace       used 52251K, committed 52672K, reserved 1114112K
  class space    used 6835K, committed 7040K, reserved 1048576K
}
Event: 10.915 GC heap after
{Heap after GC invocations=16 (full 0):
 garbage-first heap   total 58368K, used 28183K [0x0000000082200000, 0x0000000100000000)
  region size 1024K, 3 young (3072K), 3 survivors (3072K)
 Metaspace       used 52251K, committed 52672K, reserved 1114112K
  class space    used 6835K, committed 7040K, reserved 1048576K
}

